<?xml version="1.0" encoding="UTF-8"?>
<testsuite xmlns:xsi="http://www.w3.org/2001/XMLSchema-instance" xsi:noNamespaceSchemaLocation="https://maven.apache.org/surefire/maven-surefire-plugin/xsd/surefire-test-report.xsd" name="First Feature File" time="57.974" tests="4" errors="0" skipped="0" failures="0">
  <properties>
[...]
</properties>
  <testcase name="TC01_Iphone_Search" classname="First Feature File" time="25.595"/>
  <testcase name="TC02_Teapot_Search" classname="First Feature File" time="11.443"/>
  <testcase name="TC03_Flower_Search" classname="First Feature File" time="6.539"/>
  <testcase name="TC04_BMW_Search" classname="First Feature File" time="14.393"/>
</testsuite>